<?xml version="1.0" encoding="UTF-8"?>
<!-- Generated by org.testng.reporters.JUnitReportReporter -->
<testsuite hostname="DESKTOP-0FL997G" failures="1" tests="1" name="uitests.GHGCalculator_FranchisesCalculatorPageTests" time="1.339" errors="0" timestamp="2024-11-12T10:54:42 IST" skipped="0">
  <testcase classname="uitests.GHGCalculator_FranchisesCalculatorPageTests" name="TC025_ValidateAddActivityforFranchises_InScope3_14Calculator" time="1.339">
    <failure message="Unable to launch application , Exception is : session not created: This version of ChromeDriver only supports Chrome version 128
Current browser version is 130.0.6723.117 with binary path C:\Program Files\Google\Chrome\Application\chrome.exe
Build info: version: &#039;3.141.59&#039;, revision: &#039;e82be7d358&#039;, time: &#039;2018-11-14T08:17:03&#039;
System info: host: &#039;DESKTOP-0FL997G&#039;, ip: &#039;172.20.0.133&#039;, os.name: &#039;Windows 10&#039;, os.arch: &#039;amd64&#039;, os.version: &#039;10.0&#039;, java.version: &#039;22.0.2&#039;
Driver info: driver.version: ChromeDriver
remote stacktrace: 	GetHandleVerifier [0x00E881F3+26163]
	(No symbol) [0x00E19CA4]
	(No symbol) [0x00D124C3]
	(No symbol) [0x00D491EF]
	(No symbol) [0x00D482A9]
	(No symbol) [0x00D43DBD]
	(No symbol) [0x00D3EA99]
	(No symbol) [0x00D84CA0]
	(No symbol) [0x00D844AA]
	(No symbol) [0x00D7AA56]
	(No symbol) [0x00D4BE89]
	(No symbol) [0x00D4C8CD]
	GetHandleVerifier [0x0115CED3+2994963]
	GetHandleVerifier [0x011B1749+3341193]
	GetHandleVerifier [0x00F17ACF+614159]
	GetHandleVerifier [0x00F1F15C+644508]
	(No symbol) [0x00E227DD]
	(No symbol) [0x00E1F6D8]
	(No symbol) [0x00E1F875]
	(No symbol) [0x00E11BF6]
	BaseThreadInitThunk [0x7619FCC9+25]
	RtlGetAppContainerNamedObjectPath [0x77CD809E+286]
	RtlGetAppContainerNamedObjectPath [0x77CD806E+238]
 expected [false] but found [true]" type="java.lang.AssertionError">
      <![CDATA[java.lang.AssertionError: Unable to launch application , Exception is : session not created: This version of ChromeDriver only supports Chrome version 128
Current browser version is 130.0.6723.117 with binary path C:\Program Files\Google\Chrome\Application\chrome.exe
Build info: version: '3.141.59', revision: 'e82be7d358', time: '2018-11-14T08:17:03'
System info: host: 'DESKTOP-0FL997G', ip: '172.20.0.133', os.name: 'Windows 10', os.arch: 'amd64', os.version: '10.0', java.version: '22.0.2'
Driver info: driver.version: ChromeDriver
remote stacktrace: GetHandleVerifier [0x00E881F3+26163]
(No symbol) [0x00E19CA4]
(No symbol) [0x00D124C3]
(No symbol) [0x00D491EF]
(No symbol) [0x00D482A9]
(No symbol) [0x00D43DBD]
(No symbol) [0x00D3EA99]
(No symbol) [0x00D84CA0]
(No symbol) [0x00D844AA]
(No symbol) [0x00D7AA56]
(No symbol) [0x00D4BE89]
(No symbol) [0x00D4C8CD]
GetHandleVerifier [0x0115CED3+2994963]
GetHandleVerifier [0x011B1749+3341193]
GetHandleVerifier [0x00F17ACF+614159]
GetHandleVerifier [0x00F1F15C+644508]
(No symbol) [0x00E227DD]
(No symbol) [0x00E1F6D8]
(No symbol) [0x00E1F875]
(No symbol) [0x00E11BF6]
BaseThreadInitThunk [0x7619FCC9+25]
RtlGetAppContainerNamedObjectPath [0x77CD809E+286]
RtlGetAppContainerNamedObjectPath [0x77CD806E+238]
 expected [false] but found [true]
at org.testng.Assert.fail(Assert.java:99)
at org.testng.Assert.failNotEquals(Assert.java:1037)
at org.testng.Assert.assertFalse(Assert.java:67)
at utilities.Common.failAssert(Common.java:126)
at base.TestBase.setUp(TestBase.java:93)
at uitests.GHGCalculator_FranchisesCalculatorPageTests.TC025_ValidateAddActivityforFranchises_InScope3_14Calculator(GHGCalculator_FranchisesCalculatorPageTests.java:56)
at java.base/jdk.internal.reflect.DirectMethodHandleAccessor.invoke(DirectMethodHandleAccessor.java:103)
at java.base/java.lang.reflect.Method.invoke(Method.java:580)
at org.testng.internal.MethodInvocationHelper.invokeMethod(MethodInvocationHelper.java:133)
at org.testng.internal.TestInvoker.invokeMethod(TestInvoker.java:598)
at org.testng.internal.TestInvoker.invokeTestMethod(TestInvoker.java:173)
at org.testng.internal.MethodRunner.runInSequence(MethodRunner.java:46)
at org.testng.internal.TestInvoker$MethodInvocationAgent.invoke(TestInvoker.java:824)
at org.testng.internal.TestInvoker.invokeTestMethods(TestInvoker.java:146)
at org.testng.internal.TestMethodWorker.invokeTestMethods(TestMethodWorker.java:146)
at org.testng.internal.TestMethodWorker.run(TestMethodWorker.java:128)
at java.base/java.util.ArrayList.forEach(ArrayList.java:1597)
at org.testng.TestRunner.privateRun(TestRunner.java:794)
at org.testng.TestRunner.run(TestRunner.java:596)
at org.testng.SuiteRunner.runTest(SuiteRunner.java:377)
at org.testng.SuiteRunner.runSequentially(SuiteRunner.java:371)
at org.testng.SuiteRunner.privateRun(SuiteRunner.java:332)
at org.testng.SuiteRunner.run(SuiteRunner.java:276)
at org.testng.SuiteRunnerWorker.runSuite(SuiteRunnerWorker.java:53)
at org.testng.SuiteRunnerWorker.run(SuiteRunnerWorker.java:96)
at org.testng.TestNG.runSuitesSequentially(TestNG.java:1212)
at org.testng.TestNG.runSuitesLocally(TestNG.java:1134)
at org.testng.TestNG.runSuites(TestNG.java:1063)
at org.testng.TestNG.run(TestNG.java:1031)
at launchscript.LaunchScript.LaunchScript(LaunchScript.java:27)
at java.base/jdk.internal.reflect.DirectMethodHandleAccessor.invoke(DirectMethodHandleAccessor.java:103)
at java.base/java.lang.reflect.Method.invoke(Method.java:580)
at org.testng.internal.MethodInvocationHelper.invokeMethod(MethodInvocationHelper.java:133)
at org.testng.internal.TestInvoker.invokeMethod(TestInvoker.java:598)
at org.testng.internal.TestInvoker.invokeTestMethod(TestInvoker.java:173)
at org.testng.internal.MethodRunner.runInSequence(MethodRunner.java:46)
at org.testng.internal.TestInvoker$MethodInvocationAgent.invoke(TestInvoker.java:824)
at org.testng.internal.TestInvoker.invokeTestMethods(TestInvoker.java:146)
at org.testng.internal.TestMethodWorker.invokeTestMethods(TestMethodWorker.java:146)
at org.testng.internal.TestMethodWorker.run(TestMethodWorker.java:128)
at java.base/java.util.ArrayList.forEach(ArrayList.java:1597)
at org.testng.TestRunner.privateRun(TestRunner.java:794)
at org.testng.TestRunner.run(TestRunner.java:596)
at org.testng.SuiteRunner.runTest(SuiteRunner.java:377)
at org.testng.SuiteRunner.runSequentially(SuiteRunner.java:371)
at org.testng.SuiteRunner.privateRun(SuiteRunner.java:332)
at org.testng.SuiteRunner.run(SuiteRunner.java:276)
at org.testng.SuiteRunnerWorker.runSuite(SuiteRunnerWorker.java:53)
at org.testng.SuiteRunnerWorker.run(SuiteRunnerWorker.java:96)
at org.testng.TestNG.runSuitesSequentially(TestNG.java:1212)
at org.testng.TestNG.runSuitesLocally(TestNG.java:1134)
at org.testng.TestNG.runSuites(TestNG.java:1063)
at org.testng.TestNG.run(TestNG.java:1031)
at org.testng.remote.AbstractRemoteTestNG.run(AbstractRemoteTestNG.java:115)
at org.testng.remote.RemoteTestNG.initAndRun(RemoteTestNG.java:293)
at org.testng.remote.RemoteTestNG.main(RemoteTestNG.java:91)
]]>
    </failure>
  </testcase> <!-- TC025_ValidateAddActivityforFranchises_InScope3_14Calculator -->
  <system-out/>
</testsuite> <!-- uitests.GHGCalculator_FranchisesCalculatorPageTests -->
